<?xml version="1.0" encoding="UTF-8"?>
<testsuite name="com.oracle.jdbc.samples.interceptor.rules.TokenStatementRuleTest" tests="2" skipped="0" failures="0" errors="0" timestamp="2024-07-16T10:06:20" hostname="emmanueljannetti-mac" time="0.013">
  <properties/>
  <testcase name="construct()" classname="com.oracle.jdbc.samples.interceptor.rules.TokenStatementRuleTest" time="0.01"/>
  <testcase name="matches()" classname="com.oracle.jdbc.samples.interceptor.rules.TokenStatementRuleTest" time="0.002"/>
  <system-out><![CDATA[]]></system-out>
  <system-err><![CDATA[]]></system-err>
</testsuite>
